2024-08-19 12:23:55.913 [info] Added views:workbench.panel.markers.view in workbench.panel.markers
2024-08-19 12:23:55.913 [info] Added views:workbench.panel.output in workbench.panel.output
2024-08-19 12:23:55.913 [info] Added views:terminal in terminal
2024-08-19 12:23:55.913 [info] Added views:outline in workbench.view.explorer
2024-08-19 12:23:55.913 [info] Added views:workbench.scm in workbench.view.scm
2024-08-19 12:23:55.913 [info] Added views:workbench.view.search in workbench.view.search
2024-08-19 12:23:55.913 [info] Added views:timeline in workbench.view.explorer
2024-08-19 12:23:55.913 [info] Added views:workbench.explorer.emptyView in workbench.view.explorer
2024-08-19 12:23:56.648 [info] Added views:workbench.debug.variablesView,workbench.debug.watchExpressionsView,workbench.debug.callStackView,workbench.debug.breakPointsView in workbench.view.debug
2024-08-19 12:23:56.794 [info] Added views:workbench.panel.repl.view in workbench.panel.repl
2024-08-19 12:23:56.796 [info] Removed views:workbench.debug.breakPointsView,workbench.debug.callStackView,workbench.debug.watchExpressionsView,workbench.debug.variablesView from workbench.view.debug
2024-08-19 12:23:56.797 [info] Added views:workbench.debug.welcome in workbench.view.debug
2024-08-19 12:23:57.036 [info] Added views:~remote.forwardedPorts in ~remote.forwardedPortsContainer
2024-08-19 12:24:21.401 [info] Added views:workbench.panel.markers.view in workbench.panel.markers
2024-08-19 12:24:21.401 [info] Added views:workbench.panel.output in workbench.panel.output
2024-08-19 12:24:21.401 [info] Added views:terminal in terminal
2024-08-19 12:24:21.401 [info] Added views:outline in workbench.view.explorer
2024-08-19 12:24:21.401 [info] Added views:workbench.scm in workbench.view.scm
2024-08-19 12:24:21.401 [info] Added views:workbench.view.search in workbench.view.search
2024-08-19 12:24:21.401 [info] Added views:timeline in workbench.view.explorer
2024-08-19 12:24:21.401 [info] Added views:workbench.explorer.fileView in workbench.view.explorer
2024-08-19 12:24:22.100 [info] Added views:workbench.debug.variablesView,workbench.debug.watchExpressionsView,workbench.debug.callStackView,workbench.debug.breakPointsView in workbench.view.debug
2024-08-19 12:24:22.124 [info] Added views:workbench.panel.repl.view in workbench.panel.repl
2024-08-19 12:24:22.126 [info] Removed views:workbench.debug.breakPointsView,workbench.debug.callStackView,workbench.debug.watchExpressionsView,workbench.debug.variablesView from workbench.view.debug
2024-08-19 12:24:22.126 [info] Added views:workbench.debug.welcome in workbench.view.debug
2024-08-19 12:24:22.493 [info] Added views:~remote.forwardedPorts in ~remote.forwardedPortsContainer
2024-08-19 12:25:49.786 [info] Added views:workbench.panel.markers.view in workbench.panel.markers
2024-08-19 12:25:49.786 [info] Added views:workbench.panel.output in workbench.panel.output
2024-08-19 12:25:49.786 [info] Added views:terminal in terminal
2024-08-19 12:25:49.786 [info] Added views:outline in workbench.view.explorer
2024-08-19 12:25:49.786 [info] Added views:workbench.scm in workbench.view.scm
2024-08-19 12:25:49.786 [info] Added views:workbench.view.search in workbench.view.search
2024-08-19 12:25:49.786 [info] Added views:timeline in workbench.view.explorer
2024-08-19 12:25:49.786 [info] Added views:workbench.explorer.fileView in workbench.view.explorer
2024-08-19 12:25:50.447 [info] Added views:workbench.debug.variablesView,workbench.debug.watchExpressionsView,workbench.debug.callStackView,workbench.debug.breakPointsView in workbench.view.debug
2024-08-19 12:25:50.475 [info] Added views:workbench.panel.repl.view in workbench.panel.repl
2024-08-19 12:25:50.477 [info] Removed views:workbench.debug.breakPointsView,workbench.debug.callStackView,workbench.debug.watchExpressionsView,workbench.debug.variablesView from workbench.view.debug
2024-08-19 12:25:50.478 [info] Added views:workbench.debug.welcome in workbench.view.debug
2024-08-19 12:25:51.023 [info] Added views:~remote.forwardedPorts in ~remote.forwardedPortsContainer
2024-08-19 12:26:30.839 [info] Added views:workbench.panel.markers.view in workbench.panel.markers
2024-08-19 12:26:30.839 [info] Added views:workbench.panel.output in workbench.panel.output
2024-08-19 12:26:30.839 [info] Added views:terminal in terminal
2024-08-19 12:26:30.839 [info] Added views:outline in workbench.view.explorer
2024-08-19 12:26:30.839 [info] Added views:workbench.scm in workbench.view.scm
2024-08-19 12:26:30.839 [info] Added views:workbench.view.search in workbench.view.search
2024-08-19 12:26:30.839 [info] Added views:timeline in workbench.view.explorer
2024-08-19 12:26:30.839 [info] Added views:workbench.explorer.fileView in workbench.view.explorer
2024-08-19 12:26:31.585 [info] Added views:workbench.debug.welcome in workbench.view.debug
2024-08-19 12:26:31.635 [info] Added views:workbench.panel.repl.view in workbench.panel.repl
2024-08-19 12:26:32.070 [info] Added views:~remote.forwardedPorts in ~remote.forwardedPortsContainer
2024-08-19 12:27:19.889 [info] Added views:remoteTargets in workbench.view.remote
2024-08-19 15:01:23.290 [info] Added views:workbench.views.extensions.installed,workbench.views.extensions.popular,extensions.recommendedList in workbench.view.extensions
2024-08-19 15:01:23.292 [info] Removed views:workbench.views.extensions.popular from workbench.view.extensions
2024-08-19 15:01:23.925 [info] Removed views:extensions.recommendedList,workbench.views.extensions.installed from workbench.view.extensions
2024-08-19 15:01:23.939 [info] Added views:workbench.views.extensions.marketplace in workbench.view.extensions
2024-08-19 15:01:44.495 [info] Added views:workbench.view.testing in workbench.view.extension.test
2024-08-19 15:38:47.943 [info] Removed views:workbench.view.testing from workbench.view.extension.test
2024-08-19 15:38:49.235 [info] Added views:workbench.panel.markers.view in workbench.panel.markers
2024-08-19 15:38:49.235 [info] Added views:workbench.panel.output in workbench.panel.output
2024-08-19 15:38:49.235 [info] Added views:terminal in terminal
2024-08-19 15:38:49.235 [info] Added views:outline in workbench.view.explorer
2024-08-19 15:38:49.235 [info] Added views:workbench.scm in workbench.view.scm
2024-08-19 15:38:49.235 [info] Added views:workbench.view.search in workbench.view.search
2024-08-19 15:38:49.235 [info] Added views:timeline in workbench.view.explorer
2024-08-19 15:38:49.235 [info] Added views:workbench.explorer.fileView in workbench.view.explorer
2024-08-19 15:38:49.435 [info] Added views:workbench.debug.welcome in workbench.view.debug
2024-08-19 15:38:50.027 [info] Added views:remoteTargets in workbench.view.remote
2024-08-19 15:38:50.191 [info] Added views:workbench.panel.repl.view in workbench.panel.repl
2024-08-19 15:38:50.538 [info] Added views:workbench.view.testing in workbench.view.extension.test
2024-08-19 15:38:51.250 [info] Added views:~remote.forwardedPorts in ~remote.forwardedPortsContainer
2024-08-19 15:39:02.924 [info] Removed views:workbench.view.testing from workbench.view.extension.test
2024-08-19 15:39:03.635 [info] Added views:workbench.panel.markers.view in workbench.panel.markers
2024-08-19 15:39:03.635 [info] Added views:workbench.panel.output in workbench.panel.output
2024-08-19 15:39:03.635 [info] Added views:terminal in terminal
2024-08-19 15:39:03.635 [info] Added views:outline in workbench.view.explorer
2024-08-19 15:39:03.635 [info] Added views:workbench.scm in workbench.view.scm
2024-08-19 15:39:03.635 [info] Added views:workbench.view.search in workbench.view.search
2024-08-19 15:39:03.635 [info] Added views:timeline in workbench.view.explorer
2024-08-19 15:39:03.635 [info] Added views:workbench.explorer.fileView in workbench.view.explorer
2024-08-19 15:39:03.782 [info] Added views:workbench.debug.welcome in workbench.view.debug
2024-08-19 15:39:04.398 [info] Added views:remoteTargets in workbench.view.remote
2024-08-19 15:39:04.530 [info] Added views:workbench.panel.repl.view in workbench.panel.repl
2024-08-19 15:39:05.228 [info] Added views:~remote.forwardedPorts in ~remote.forwardedPortsContainer
2024-08-19 15:39:05.920 [info] Added views:workbench.view.testing in workbench.view.extension.test
2024-08-19 20:35:29.634 [info] Added views:workbench.views.extensions.installed,workbench.views.extensions.popular,extensions.recommendedList in workbench.view.extensions
2024-08-19 20:35:29.638 [info] Removed views:workbench.views.extensions.popular from workbench.view.extensions
2024-08-19 20:35:40.256 [info] Removed views:extensions.recommendedList,workbench.views.extensions.installed from workbench.view.extensions
2024-08-19 20:35:40.266 [info] Added views:workbench.views.extensions.marketplace in workbench.view.extensions
